[debug] [2025-11-17T17:16:03.998Z] ----------------------------------------------------------------------
[debug] [2025-11-17T17:16:04.000Z] Command:       /usr/local/bin/node /usr/local/bin/firebase init
[debug] [2025-11-17T17:16:04.000Z] CLI Version:   14.25.0
[debug] [2025-11-17T17:16:04.000Z] Platform:      darwin
[debug] [2025-11-17T17:16:04.000Z] Node Version:  v20.16.0
[debug] [2025-11-17T17:16:04.000Z] Time:          Mon Nov 17 2025 12:16:04 GMT-0500 (Eastern Standard Time)
[debug] [2025-11-17T17:16:04.000Z] ----------------------------------------------------------------------
[debug] 
[info] 
     ######## #### ########  ######## ########     ###     ######  ########
     ##        ##  ##     ## ##       ##     ##  ##   ##  ##       ##
     ######    ##  ########  ######   ########  #########  ######  ######
     ##        ##  ##    ##  ##       ##     ## ##     ##       ## ##
     ##       #### ##     ## ######## ########  ##     ##  ######  ########

You're about to initialize a Firebase project in this directory:

  /Users/omarsaleh/Desktop/python/brillianse

Before we get started, keep in mind:

  * You are initializing within an existing Firebase project directory

[info] 
=== Project Setup
[info] 
[info] First, let's associate this project directory with a Firebase project.
[info] You can create multiple project aliases by running firebase use --add, 
[info] 
[debug] [2025-11-17T17:16:23.236Z] > command requires scopes: ["email","openid","https://www.googleapis.com/auth/cloudplatformprojects.readonly","https://www.googleapis.com/auth/firebase","https://www.googleapis.com/auth/cloud-platform"]
[debug] [2025-11-17T17:16:23.237Z] > authorizing via signed-in user (omar.ihab.saleh@gmail.com)
[debug] [2025-11-17T17:16:23.238Z] Checked if tokens are valid: false, expires at: 1763395109916
[debug] [2025-11-17T17:16:23.239Z] Checked if tokens are valid: false, expires at: 1763395109916
[debug] [2025-11-17T17:16:23.239Z] > refreshing access token with scopes: []
[debug] [2025-11-17T17:16:23.243Z] >>> [apiv2][query] POST https://www.googleapis.com/oauth2/v3/token [none]
[debug] [2025-11-17T17:16:23.243Z] >>> [apiv2][body] POST https://www.googleapis.com/oauth2/v3/token [omitted]
[debug] [2025-11-17T17:16:23.577Z] <<< [apiv2][status] POST https://www.googleapis.com/oauth2/v3/token 200
[debug] [2025-11-17T17:16:23.577Z] <<< [apiv2][body] POST https://www.googleapis.com/oauth2/v3/token [omitted]
[debug] [2025-11-17T17:16:23.607Z] >>> [apiv2][query] GET https://firebase.googleapis.com/v1beta1/projects/brillianse-801f7 [none]
[debug] [2025-11-17T17:16:24.160Z] <<< [apiv2][status] GET https://firebase.googleapis.com/v1beta1/projects/brillianse-801f7 200
[debug] [2025-11-17T17:16:24.160Z] <<< [apiv2][body] GET https://firebase.googleapis.com/v1beta1/projects/brillianse-801f7 {"projectId":"brillianse-801f7","projectNumber":"852329347649","displayName":"Brillianse","name":"projects/brillianse-801f7","resources":{"hostingSite":"brillianse-801f7"},"state":"ACTIVE","etag":"1_8ce6d8a9-2a5a-4f45-9ca0-af441f017b90"}
[info] i  Using project brillianse-801f7 (Brillianse) . 
[info] 
=== Hosting Setup
[debug] [2025-11-17T17:16:24.177Z] Checked if tokens are valid: true, expires at: 1763403382577
[debug] [2025-11-17T17:16:24.177Z] Checked if tokens are valid: true, expires at: 1763403382577
[debug] [2025-11-17T17:16:24.177Z] >>> [apiv2][query] GET https://firebase.googleapis.com/v1beta1/projects/brillianse-801f7 [none]
[debug] [2025-11-17T17:16:24.393Z] <<< [apiv2][status] GET https://firebase.googleapis.com/v1beta1/projects/brillianse-801f7 200
[debug] [2025-11-17T17:16:24.393Z] <<< [apiv2][body] GET https://firebase.googleapis.com/v1beta1/projects/brillianse-801f7 {"projectId":"brillianse-801f7","projectNumber":"852329347649","displayName":"Brillianse","name":"projects/brillianse-801f7","resources":{"hostingSite":"brillianse-801f7"},"state":"ACTIVE","etag":"1_8ce6d8a9-2a5a-4f45-9ca0-af441f017b90"}
[info] 
[info] Your public directory is the folder (relative to your project directory) that
[info] will contain Hosting assets to be uploaded with firebase deploy. If you
[info] have a build process for your assets, use your build's output directory.
[info] 
[debug] [2025-11-17T17:17:16.159Z] ExitPromptError: User force closed the prompt with SIGINT
    at Interface.sigint (/usr/local/lib/node_modules/firebase-tools/node_modules/@inquirer/core/dist/commonjs/lib/create-prompt.js:101:37)
    at Interface.emit (node:events:519:28)
    at Interface.emit (node:domain:488:12)
    at [_ttyWrite] [as _ttyWrite] (node:internal/readline/interface:1126:18)
    at ReadStream.onkeypress (node:internal/readline/interface:265:20)
    at ReadStream.emit (node:events:531:35)
    at ReadStream.emit (node:domain:488:12)
    at emitKeys (node:internal/readline/utils:371:14)
    at emitKeys.next (<anonymous>)
    at ReadStream.onData (node:internal/readline/emitKeypressEvents:64:36)
[error] 
[error] Error: An unexpected error has occurred.
